app/build/intermediates/manifest_merge_blame_file/debug/manifest-merger-blame-debug-report.txt
1<?xml version="1.0" encoding="utf-8"?>
2<manifest xmlns:android="http://schemas.android.com/apk/res/android"
3    package="com.example.activityresultlauncher"
4    android:versionCode="1"
5    android:versionName="1.0" >
6
7    <uses-sdk
8        android:minSdkVersion="24"
8-->src/main/AndroidManifest.xml
9        android:targetSdkVersion="31" />
9-->src/main/AndroidManifest.xml
10
11    <uses-permission android:name="android.permission.INTERNET" />
11-->src/main/AndroidManifest.xml:5:5-67
11-->src/main/AndroidManifest.xml:5:22-64
12    <uses-permission android:name="android.permission.ACCESS_NETWORK_STATE" />
12-->src/main/AndroidManifest.xml:6:5-79
12-->src/main/AndroidManifest.xml:6:22-76
13    <uses-permission android:name="android.permission.ACCESS_COARSE_LOCATION" />
13-->src/main/AndroidManifest.xml:7:5-81
13-->src/main/AndroidManifest.xml:7:22-78
14    <uses-permission android:name="android.permission.READ_MEDIA_IMAGES" />
14-->src/main/AndroidManifest.xml:8:5-76
14-->src/main/AndroidManifest.xml:8:22-73
15    <uses-permission android:name="android.permission.CAMERA" />
15-->src/main/AndroidManifest.xml:9:5-65
15-->src/main/AndroidManifest.xml:9:22-62
16    <uses-permission android:name="android.permission.ACCESS_FINE_LOCATION" />
16-->src/main/AndroidManifest.xml:10:5-79
16-->src/main/AndroidManifest.xml:10:22-76
17
18    <uses-feature android:name="android.hardware.camera" />
18-->src/main/AndroidManifest.xml:12:5-60
18-->src/main/AndroidManifest.xml:12:19-57
19    <uses-feature
19-->[com.google.android.gms:play-services-maps:17.0.0] AndroidManifest.xml:26:5-28:35
20        android:glEsVersion="0x00020000"
20-->[com.google.android.gms:play-services-maps:17.0.0] AndroidManifest.xml:27:9-41
21        android:required="true" />
21-->[com.google.android.gms:play-services-maps:17.0.0] AndroidManifest.xml:28:9-32
22
23    <application
23-->src/main/AndroidManifest.xml:14:5-48:19
24        android:allowBackup="true"
24-->src/main/AndroidManifest.xml:15:9-35
25        android:appComponentFactory="androidx.core.app.CoreComponentFactory"
25-->[androidx.core:core:1.8.0] AndroidManifest.xml:24:18-86
26        android:dataExtractionRules="@xml/data_extraction_rules"
26-->src/main/AndroidManifest.xml:16:9-65
27        android:debuggable="true"
28        android:extractNativeLibs="false"
29        android:fullBackupContent="@xml/backup_rules"
29-->src/main/AndroidManifest.xml:17:9-54
30        android:icon="@mipmap/ic_launcher"
30-->src/main/AndroidManifest.xml:18:9-43
31        android:label="@string/app_name"
31-->src/main/AndroidManifest.xml:19:9-41
32        android:roundIcon="@mipmap/ic_launcher_round"
32-->src/main/AndroidManifest.xml:20:9-54
33        android:supportsRtl="true"
33-->src/main/AndroidManifest.xml:21:9-35
34        android:testOnly="true"
35        android:theme="@style/Theme.ActivityResultLauncher" >
35-->src/main/AndroidManifest.xml:22:9-60
36        <activity
36-->src/main/AndroidManifest.xml:24:9-26:40
37            android:name="com.example.activityresultlauncher.LocationTrackingActivity"
37-->src/main/AndroidManifest.xml:25:13-53
38            android:exported="false" />
38-->src/main/AndroidManifest.xml:26:13-37
39
40        <meta-data
40-->src/main/AndroidManifest.xml:28:9-30:52
41            android:name="com.google.android.geo.API_KEY"
41-->src/main/AndroidManifest.xml:29:13-58
42            android:value="@string/MAPS_API_KEY" />
42-->src/main/AndroidManifest.xml:30:13-49
43
44        <activity
44-->src/main/AndroidManifest.xml:32:9-34:39
45            android:name="com.example.activityresultlauncher.LocationActivity"
45-->src/main/AndroidManifest.xml:33:13-45
46            android:exported="true" />
46-->src/main/AndroidManifest.xml:34:13-36
47        <activity
47-->src/main/AndroidManifest.xml:35:9-43:20
48            android:name="com.example.activityresultlauncher.ImagePiker"
48-->src/main/AndroidManifest.xml:36:13-39
49            android:exported="true" >
49-->src/main/AndroidManifest.xml:37:13-36
50            <intent-filter>
50-->src/main/AndroidManifest.xml:38:13-42:29
51                <action android:name="android.intent.action.MAIN" />
51-->src/main/AndroidManifest.xml:39:17-69
51-->src/main/AndroidManifest.xml:39:25-66
52
53                <category android:name="android.intent.category.LAUNCHER" />
53-->src/main/AndroidManifest.xml:41:17-77
53-->src/main/AndroidManifest.xml:41:27-74
54            </intent-filter>
55        </activity>
56
57        <service
57-->src/main/AndroidManifest.xml:44:9-47:72
58            android:name="com.example.activityresultlauncher.LocationUpdatesService"
58-->src/main/AndroidManifest.xml:45:13-51
59            android:label="My Job Service Update "
59-->src/main/AndroidManifest.xml:46:13-51
60            android:permission="android.permission.BIND_JOB_SERVICE" />
60-->src/main/AndroidManifest.xml:47:13-69
61        <!-- Needs to be explicitly declared on P+ -->
62        <uses-library
62-->[com.google.android.gms:play-services-maps:17.0.0] AndroidManifest.xml:33:9-35:40
63            android:name="org.apache.http.legacy"
63-->[com.google.android.gms:play-services-maps:17.0.0] AndroidManifest.xml:34:13-50
64            android:required="false" />
64-->[com.google.android.gms:play-services-maps:17.0.0] AndroidManifest.xml:35:13-37
65
66        <activity
66-->[com.google.android.gms:play-services-base:18.1.0] AndroidManifest.xml:20:9-22:45
67            android:name="com.google.android.gms.common.api.GoogleApiActivity"
67-->[com.google.android.gms:play-services-base:18.1.0] AndroidManifest.xml:20:19-85
68            android:exported="false"
68-->[com.google.android.gms:play-services-base:18.1.0] AndroidManifest.xml:22:19-43
69            android:theme="@android:style/Theme.Translucent.NoTitleBar" />
69-->[com.google.android.gms:play-services-base:18.1.0] AndroidManifest.xml:21:19-78
70
71        <meta-data
71-->[com.google.android.gms:play-services-basement:18.1.0] AndroidManifest.xml:21:9-23:69
72            android:name="com.google.android.gms.version"
72-->[com.google.android.gms:play-services-basement:18.1.0] AndroidManifest.xml:22:13-58
73            android:value="@integer/google_play_services_version" />
73-->[com.google.android.gms:play-services-basement:18.1.0] AndroidManifest.xml:23:13-66
74    </application>
75
76</manifest>